{"/Users/primary/Projects/0x_contracts/contracts/base/MultiSigWallet.sol":{"l":{"34":3,"35":1,"36":2,"40":0,"41":0,"42":0,"46":13,"47":0,"48":13,"52":13,"53":0,"54":13,"58":0,"59":0,"60":0,"64":13,"65":0,"66":13,"70":10,"71":1,"72":9,"76":7,"77":0,"78":7,"82":8,"86":0,"87":8,"94":0,"95":0,"108":8,"109":16,"110":0,"111":16,"113":8,"114":8,"126":0,"127":0,"128":0,"138":0,"139":0,"140":0,"141":0,"142":0,"144":0,"145":0,"146":0,"147":0,"159":0,"160":0,"161":0,"162":0,"164":0,"165":0,"166":0,"167":0,"177":0,"178":0,"190":7,"191":7,"202":0,"203":0,"204":0,"215":0,"216":0,"225":0,"226":0,"227":0,"228":0,"229":0,"231":0,"232":0,"245":17,"246":17,"247":34,"248":27,"249":34,"250":10,"267":7,"268":7,"274":7,"275":7,"289":0,"290":0,"291":0,"303":0,"304":0,"306":0,"317":0,"328":0,"329":0,"330":0,"331":0,"332":0,"333":0,"334":0,"336":0,"337":0,"338":0,"352":0,"353":0,"354":0,"355":0,"356":0,"359":0,"360":0,"362":0,"363":0,"364":0},"path":"/Users/primary/Projects/0x_contracts/contracts/base/MultiSigWallet.sol","s":{"1":3,"2":1,"3":0,"4":0,"5":13,"6":0,"7":13,"8":0,"9":0,"10":0,"11":13,"12":0,"13":10,"14":1,"15":7,"16":0,"17":8,"18":0,"19":0,"20":0,"21":8,"22":16,"23":0,"24":16,"25":8,"26":8,"27":0,"28":0,"29":0,"30":0,"31":0,"32":0,"33":0,"34":0,"35":0,"36":0,"37":0,"38":0,"39":0,"40":0,"41":0,"42":0,"43":0,"44":0,"45":0,"46":7,"47":7,"48":0,"49":0,"50":0,"51":0,"52":0,"53":0,"54":0,"55":0,"56":0,"57":0,"58":0,"59":0,"60":17,"61":17,"62":34,"63":27,"64":34,"65":10,"66":7,"67":7,"68":7,"69":7,"70":0,"71":0,"72":0,"73":0,"74":0,"75":0,"76":0,"77":0,"78":0,"79":0,"80":0,"81":0,"82":0,"83":0,"84":0,"85":0,"86":0,"87":0,"88":0,"89":0,"90":0,"91":0,"92":0,"93":0,"94":0},"b":{"1":[1,2],"2":[0,0],"3":[0,13],"4":[0,13],"5":[0,0],"6":[0,13],"7":[1,9],"8":[0,7],"9":[0,8],"10":[0,0],"11":[0,16],"12":[0,0],"13":[0,0],"14":[0,0],"15":[0,0],"16":[0,0],"17":[27,7],"18":[10,24],"19":[0,0],"20":[0,0],"21":[0,0],"22":[0,0]},"f":{"1":3,"2":0,"3":13,"4":13,"5":0,"6":13,"7":10,"8":7,"9":8,"10":0,"11":8,"12":0,"13":0,"14":0,"15":0,"16":7,"17":0,"18":0,"19":0,"20":17,"21":7,"22":0,"23":0,"24":0,"25":0,"26":0},"fnMap":{"1":{"name":"onlyWallet","line":33,"loc":{"start":{"line":33,"column":4},"end":{"line":33,"column":24}}},"2":{"name":"ownerDoesNotExist","line":39,"loc":{"start":{"line":39,"column":4},"end":{"line":39,"column":44}}},"3":{"name":"ownerExists","line":45,"loc":{"start":{"line":45,"column":4},"end":{"line":45,"column":38}}},"4":{"name":"transactionExists","line":51,"loc":{"start":{"line":51,"column":4},"end":{"line":51,"column":49}}},"5":{"name":"confirmed","line":57,"loc":{"start":{"line":57,"column":4},"end":{"line":57,"column":56}}},"6":{"name":"notConfirmed","line":63,"loc":{"start":{"line":63,"column":4},"end":{"line":63,"column":59}}},"7":{"name":"notExecuted","line":69,"loc":{"start":{"line":69,"column":4},"end":{"line":69,"column":43}}},"8":{"name":"notNull","line":75,"loc":{"start":{"line":75,"column":4},"end":{"line":75,"column":37}}},"9":{"name":"validRequirement","line":81,"loc":{"start":{"line":81,"column":4},"end":{"line":81,"column":61}}},"10":{"name":null,"line":91,"loc":{"start":{"line":91,"column":4},"end":{"line":93,"column":6}}},"11":{"name":"MultiSigWallet","line":104,"loc":{"start":{"line":104,"column":4},"end":{"line":107,"column":6}}},"12":{"name":"addOwner","line":119,"loc":{"start":{"line":119,"column":4},"end":{"line":125,"column":6}}},"13":{"name":"removeOwner","line":133,"loc":{"start":{"line":133,"column":4},"end":{"line":137,"column":6}}},"14":{"name":"replaceOwner","line":153,"loc":{"start":{"line":153,"column":4},"end":{"line":158,"column":6}}},"15":{"name":"changeRequirement","line":172,"loc":{"start":{"line":172,"column":4},"end":{"line":176,"column":6}}},"16":{"name":"submitTransaction","line":186,"loc":{"start":{"line":186,"column":4},"end":{"line":189,"column":6}}},"17":{"name":"confirmTransaction","line":196,"loc":{"start":{"line":196,"column":4},"end":{"line":201,"column":6}}},"18":{"name":"revokeConfirmation","line":209,"loc":{"start":{"line":209,"column":4},"end":{"line":214,"column":6}}},"19":{"name":"executeTransaction","line":221,"loc":{"start":{"line":221,"column":4},"end":{"line":224,"column":6}}},"20":{"name":"isConfirmed","line":240,"loc":{"start":{"line":240,"column":4},"end":{"line":244,"column":6}}},"21":{"name":"addTransaction","line":262,"loc":{"start":{"line":262,"column":4},"end":{"line":266,"column":6}}},"22":{"name":"getConfirmationCount","line":284,"loc":{"start":{"line":284,"column":4},"end":{"line":288,"column":6}}},"23":{"name":"getTransactionCount","line":298,"loc":{"start":{"line":298,"column":4},"end":{"line":302,"column":6}}},"24":{"name":"getOwners","line":311,"loc":{"start":{"line":311,"column":4},"end":{"line":316,"column":6}}},"25":{"name":"getConfirmations","line":323,"loc":{"start":{"line":323,"column":4},"end":{"line":327,"column":6}}},"26":{"name":"getTransactionIds","line":347,"loc":{"start":{"line":347,"column":4},"end":{"line":351,"column":6}}}},"statementMap":{"1":{"start":{"line":34,"column":8},"end":{"line":34,"column":1199}},"2":{"start":{"line":35,"column":12},"end":{"line":35,"column":17}},"3":{"start":{"line":40,"column":8},"end":{"line":40,"column":1325}},"4":{"start":{"line":41,"column":12},"end":{"line":41,"column":17}},"5":{"start":{"line":46,"column":8},"end":{"line":46,"column":1432}},"6":{"start":{"line":47,"column":12},"end":{"line":47,"column":17}},"7":{"start":{"line":52,"column":8},"end":{"line":52,"column":1551}},"8":{"start":{"line":53,"column":12},"end":{"line":53,"column":17}},"9":{"start":{"line":58,"column":8},"end":{"line":58,"column":1706}},"10":{"start":{"line":59,"column":12},"end":{"line":59,"column":17}},"11":{"start":{"line":64,"column":8},"end":{"line":64,"column":1856}},"12":{"start":{"line":65,"column":12},"end":{"line":65,"column":17}},"13":{"start":{"line":70,"column":8},"end":{"line":70,"column":1989}},"14":{"start":{"line":71,"column":12},"end":{"line":71,"column":17}},"15":{"start":{"line":76,"column":8},"end":{"line":76,"column":2117}},"16":{"start":{"line":77,"column":12},"end":{"line":77,"column":17}},"17":{"start":{"line":82,"column":8},"end":{"line":82,"column":2246}},"18":{"start":{"line":86,"column":12},"end":{"line":86,"column":17}},"19":{"start":{"line":94,"column":8},"end":{"line":94,"column":2545}},"20":{"start":{"line":95,"column":12},"end":{"line":95,"column":41}},"21":{"start":{"line":108,"column":8},"end":{"line":108,"column":2962}},"22":{"start":{"line":109,"column":12},"end":{"line":109,"column":3027}},"23":{"start":{"line":110,"column":16},"end":{"line":110,"column":21}},"24":{"start":{"line":111,"column":12},"end":{"line":111,"column":37}},"25":{"start":{"line":113,"column":8},"end":{"line":113,"column":23}},"26":{"start":{"line":114,"column":8},"end":{"line":114,"column":27}},"27":{"start":{"line":126,"column":8},"end":{"line":126,"column":28}},"28":{"start":{"line":128,"column":8},"end":{"line":128,"column":27}},"29":{"start":{"line":138,"column":8},"end":{"line":138,"column":29}},"30":{"start":{"line":139,"column":8},"end":{"line":139,"column":3866}},"31":{"start":{"line":140,"column":12},"end":{"line":140,"column":3919}},"32":{"start":{"line":141,"column":16},"end":{"line":141,"column":52}},"33":{"start":{"line":144,"column":8},"end":{"line":144,"column":25}},"34":{"start":{"line":145,"column":8},"end":{"line":145,"column":4105}},"35":{"start":{"line":146,"column":12},"end":{"line":146,"column":43}},"36":{"start":{"line":147,"column":8},"end":{"line":147,"column":26}},"37":{"start":{"line":159,"column":8},"end":{"line":159,"column":4548}},"38":{"start":{"line":160,"column":12},"end":{"line":160,"column":4597}},"39":{"start":{"line":161,"column":16},"end":{"line":161,"column":35}},"40":{"start":{"line":164,"column":8},"end":{"line":164,"column":29}},"41":{"start":{"line":165,"column":8},"end":{"line":165,"column":31}},"42":{"start":{"line":166,"column":8},"end":{"line":166,"column":26}},"43":{"start":{"line":167,"column":8},"end":{"line":167,"column":30}},"44":{"start":{"line":177,"column":8},"end":{"line":177,"column":27}},"45":{"start":{"line":178,"column":8},"end":{"line":178,"column":35}},"46":{"start":{"line":190,"column":8},"end":{"line":190,"column":63}},"47":{"start":{"line":191,"column":8},"end":{"line":191,"column":40}},"48":{"start":{"line":202,"column":8},"end":{"line":202,"column":54}},"49":{"start":{"line":203,"column":8},"end":{"line":203,"column":46}},"50":{"start":{"line":204,"column":8},"end":{"line":204,"column":40}},"51":{"start":{"line":215,"column":8},"end":{"line":215,"column":55}},"52":{"start":{"line":216,"column":8},"end":{"line":216,"column":44}},"53":{"start":{"line":225,"column":8},"end":{"line":225,"column":6799}},"54":{"start":{"line":226,"column":12},"end":{"line":226,"column":55}},"55":{"start":{"line":227,"column":12},"end":{"line":227,"column":29}},"56":{"start":{"line":228,"column":12},"end":{"line":228,"column":6939}},"57":{"start":{"line":229,"column":16},"end":{"line":229,"column":39}},"58":{"start":{"line":231,"column":16},"end":{"line":231,"column":46}},"59":{"start":{"line":232,"column":16},"end":{"line":232,"column":34}},"60":{"start":{"line":245,"column":8},"end":{"line":245,"column":21}},"61":{"start":{"line":246,"column":8},"end":{"line":246,"column":7446}},"62":{"start":{"line":247,"column":12},"end":{"line":247,"column":7515}},"63":{"start":{"line":248,"column":16},"end":{"line":248,"column":25}},"64":{"start":{"line":249,"column":12},"end":{"line":249,"column":7601}},"65":{"start":{"line":250,"column":16},"end":{"line":250,"column":27}},"66":{"start":{"line":267,"column":8},"end":{"line":267,"column":39}},"67":{"start":{"line":268,"column":8},"end":{"line":268,"column":8191}},"68":{"start":{"line":274,"column":8},"end":{"line":274,"column":28}},"69":{"start":{"line":275,"column":8},"end":{"line":275,"column":32}},"70":{"start":{"line":289,"column":8},"end":{"line":289,"column":8773}},"71":{"start":{"line":290,"column":12},"end":{"line":290,"column":8822}},"72":{"start":{"line":291,"column":16},"end":{"line":291,"column":25}},"73":{"start":{"line":303,"column":8},"end":{"line":303,"column":9295}},"74":{"start":{"line":304,"column":12},"end":{"line":304,"column":9347}},"75":{"start":{"line":306,"column":16},"end":{"line":306,"column":25}},"76":{"start":{"line":317,"column":8},"end":{"line":317,"column":24}},"77":{"start":{"line":328,"column":8},"end":{"line":328,"column":72}},"78":{"start":{"line":329,"column":8},"end":{"line":329,"column":21}},"79":{"start":{"line":331,"column":8},"end":{"line":331,"column":10128}},"80":{"start":{"line":332,"column":12},"end":{"line":332,"column":10172}},"81":{"start":{"line":333,"column":16},"end":{"line":333,"column":51}},"82":{"start":{"line":334,"column":16},"end":{"line":334,"column":25}},"83":{"start":{"line":336,"column":8},"end":{"line":336,"column":44}},"84":{"start":{"line":337,"column":8},"end":{"line":337,"column":10410}},"85":{"start":{"line":338,"column":12},"end":{"line":338,"column":51}},"86":{"start":{"line":352,"column":8},"end":{"line":352,"column":70}},"87":{"start":{"line":353,"column":8},"end":{"line":353,"column":21}},"88":{"start":{"line":355,"column":8},"end":{"line":355,"column":11078}},"89":{"start":{"line":356,"column":12},"end":{"line":356,"column":11125}},"90":{"start":{"line":359,"column":16},"end":{"line":359,"column":44}},"91":{"start":{"line":360,"column":16},"end":{"line":360,"column":25}},"92":{"start":{"line":362,"column":8},"end":{"line":362,"column":46}},"93":{"start":{"line":363,"column":8},"end":{"line":363,"column":11435}},"94":{"start":{"line":364,"column":12},"end":{"line":364,"column":60}}},"branchMap":{"1":{"line":34,"type":"if","locations":[{"start":{"line":34,"column":8},"end":{"line":34,"column":8}},{"start":{"line":34,"column":8},"end":{"line":34,"column":8}}]},"2":{"line":40,"type":"if","locations":[{"start":{"line":40,"column":8},"end":{"line":40,"column":8}},{"start":{"line":40,"column":8},"end":{"line":40,"column":8}}]},"3":{"line":46,"type":"if","locations":[{"start":{"line":46,"column":8},"end":{"line":46,"column":8}},{"start":{"line":46,"column":8},"end":{"line":46,"column":8}}]},"4":{"line":52,"type":"if","locations":[{"start":{"line":52,"column":8},"end":{"line":52,"column":8}},{"start":{"line":52,"column":8},"end":{"line":52,"column":8}}]},"5":{"line":58,"type":"if","locations":[{"start":{"line":58,"column":8},"end":{"line":58,"column":8}},{"start":{"line":58,"column":8},"end":{"line":58,"column":8}}]},"6":{"line":64,"type":"if","locations":[{"start":{"line":64,"column":8},"end":{"line":64,"column":8}},{"start":{"line":64,"column":8},"end":{"line":64,"column":8}}]},"7":{"line":70,"type":"if","locations":[{"start":{"line":70,"column":8},"end":{"line":70,"column":8}},{"start":{"line":70,"column":8},"end":{"line":70,"column":8}}]},"8":{"line":76,"type":"if","locations":[{"start":{"line":76,"column":8},"end":{"line":76,"column":8}},{"start":{"line":76,"column":8},"end":{"line":76,"column":8}}]},"9":{"line":82,"type":"if","locations":[{"start":{"line":82,"column":8},"end":{"line":82,"column":8}},{"start":{"line":82,"column":8},"end":{"line":82,"column":8}}]},"10":{"line":94,"type":"if","locations":[{"start":{"line":94,"column":8},"end":{"line":94,"column":8}},{"start":{"line":94,"column":8},"end":{"line":94,"column":8}}]},"11":{"line":109,"type":"if","locations":[{"start":{"line":109,"column":12},"end":{"line":109,"column":12}},{"start":{"line":109,"column":12},"end":{"line":109,"column":12}}]},"12":{"line":140,"type":"if","locations":[{"start":{"line":140,"column":12},"end":{"line":140,"column":12}},{"start":{"line":140,"column":12},"end":{"line":140,"column":12}}]},"13":{"line":145,"type":"if","locations":[{"start":{"line":145,"column":8},"end":{"line":145,"column":8}},{"start":{"line":145,"column":8},"end":{"line":145,"column":8}}]},"14":{"line":160,"type":"if","locations":[{"start":{"line":160,"column":12},"end":{"line":160,"column":12}},{"start":{"line":160,"column":12},"end":{"line":160,"column":12}}]},"15":{"line":225,"type":"if","locations":[{"start":{"line":225,"column":8},"end":{"line":225,"column":8}},{"start":{"line":225,"column":8},"end":{"line":225,"column":8}}]},"16":{"line":228,"type":"if","locations":[{"start":{"line":228,"column":12},"end":{"line":228,"column":12}},{"start":{"line":228,"column":12},"end":{"line":228,"column":12}}]},"17":{"line":247,"type":"if","locations":[{"start":{"line":247,"column":12},"end":{"line":247,"column":12}},{"start":{"line":247,"column":12},"end":{"line":247,"column":12}}]},"18":{"line":249,"type":"if","locations":[{"start":{"line":249,"column":12},"end":{"line":249,"column":12}},{"start":{"line":249,"column":12},"end":{"line":249,"column":12}}]},"19":{"line":290,"type":"if","locations":[{"start":{"line":290,"column":12},"end":{"line":290,"column":12}},{"start":{"line":290,"column":12},"end":{"line":290,"column":12}}]},"20":{"line":304,"type":"if","locations":[{"start":{"line":304,"column":12},"end":{"line":304,"column":12}},{"start":{"line":304,"column":12},"end":{"line":304,"column":12}}]},"21":{"line":332,"type":"if","locations":[{"start":{"line":332,"column":12},"end":{"line":332,"column":12}},{"start":{"line":332,"column":12},"end":{"line":332,"column":12}}]},"22":{"line":356,"type":"if","locations":[{"start":{"line":356,"column":12},"end":{"line":356,"column":12}},{"start":{"line":356,"column":12},"end":{"line":356,"column":12}}]}}},"/Users/primary/Projects/0x_contracts/contracts/base/Ownable.sol":{"l":{"14":25,"18":97,"19":87,"23":7,"24":7},"path":"/Users/primary/Projects/0x_contracts/contracts/base/Ownable.sol","s":{"1":25,"2":97,"3":7,"4":7},"b":{"1":[7,0]},"f":{"1":25,"2":97,"3":7},"fnMap":{"1":{"name":"Ownable","line":13,"loc":{"start":{"line":13,"column":4},"end":{"line":13,"column":21}}},"2":{"name":"onlyOwner","line":17,"loc":{"start":{"line":17,"column":4},"end":{"line":17,"column":23}}},"3":{"name":"transferOwnership","line":22,"loc":{"start":{"line":22,"column":4},"end":{"line":22,"column":57}}}},"statementMap":{"1":{"start":{"line":14,"column":8},"end":{"line":14,"column":25}},"2":{"start":{"line":18,"column":8},"end":{"line":18,"column":35}},"3":{"start":{"line":23,"column":8},"end":{"line":23,"column":464}},"4":{"start":{"line":24,"column":12},"end":{"line":24,"column":27}}},"branchMap":{"1":{"line":23,"type":"if","locations":[{"start":{"line":23,"column":8},"end":{"line":23,"column":8}},{"start":{"line":23,"column":8},"end":{"line":23,"column":8}}]}}},"/Users/primary/Projects/0x_contracts/contracts/base/SafeMath.sol":{"l":{"5":177,"6":177,"7":177,"11":177,"12":177,"16":105,"17":104,"21":135,"22":135,"23":135,"27":0,"31":0,"35":0,"39":62},"path":"/Users/primary/Projects/0x_contracts/contracts/base/SafeMath.sol","s":{"1":177,"2":177,"3":177,"4":177,"5":177,"6":105,"7":104,"8":135,"9":135,"10":135,"11":0,"12":0,"13":0,"14":62},"b":{},"f":{"1":177,"2":177,"3":106,"4":135,"5":0,"6":0,"7":0,"8":62},"fnMap":{"1":{"name":"safeMul","line":4,"loc":{"start":{"line":4,"column":4},"end":{"line":4,"column":68}}},"2":{"name":"safeDiv","line":10,"loc":{"start":{"line":10,"column":4},"end":{"line":10,"column":68}}},"3":{"name":"safeSub","line":15,"loc":{"start":{"line":15,"column":4},"end":{"line":15,"column":68}}},"4":{"name":"safeAdd","line":20,"loc":{"start":{"line":20,"column":4},"end":{"line":20,"column":68}}},"5":{"name":"max64","line":26,"loc":{"start":{"line":26,"column":4},"end":{"line":26,"column":72}}},"6":{"name":"min64","line":30,"loc":{"start":{"line":30,"column":4},"end":{"line":30,"column":72}}},"7":{"name":"max256","line":34,"loc":{"start":{"line":34,"column":4},"end":{"line":34,"column":76}}},"8":{"name":"min256","line":38,"loc":{"start":{"line":38,"column":4},"end":{"line":38,"column":76}}}},"statementMap":{"1":{"start":{"line":5,"column":8},"end":{"line":5,"column":21}},"2":{"start":{"line":6,"column":8},"end":{"line":6,"column":35}},"3":{"start":{"line":7,"column":8},"end":{"line":7,"column":16}},"4":{"start":{"line":11,"column":8},"end":{"line":11,"column":21}},"5":{"start":{"line":12,"column":8},"end":{"line":12,"column":16}},"6":{"start":{"line":16,"column":8},"end":{"line":16,"column":21}},"7":{"start":{"line":17,"column":8},"end":{"line":17,"column":20}},"8":{"start":{"line":21,"column":8},"end":{"line":21,"column":21}},"9":{"start":{"line":22,"column":8},"end":{"line":22,"column":21}},"10":{"start":{"line":23,"column":8},"end":{"line":23,"column":16}},"11":{"start":{"line":27,"column":8},"end":{"line":27,"column":29}},"12":{"start":{"line":31,"column":8},"end":{"line":31,"column":28}},"13":{"start":{"line":35,"column":8},"end":{"line":35,"column":29}},"14":{"start":{"line":39,"column":8},"end":{"line":39,"column":28}}},"branchMap":{}},"/Users/primary/Projects/0x_contracts/contracts/base/StandardToken.sol":{"l":{"9":4,"10":4,"11":4,"12":4,"13":4,"18":98,"19":94,"20":94,"21":94,"22":94,"23":94,"28":666,"32":23,"33":23,"34":23,"38":107},"path":"/Users/primary/Projects/0x_contracts/contracts/base/StandardToken.sol","s":{"1":4,"2":4,"3":4,"4":4,"5":4,"6":0,"7":98,"8":94,"9":94,"10":94,"11":94,"12":94,"13":4,"14":666,"15":23,"16":23,"17":23,"18":107},"b":{"1":[4,0],"2":[94,4]},"f":{"1":4,"2":98,"3":666,"4":23,"5":107},"fnMap":{"1":{"name":"transfer","line":7,"loc":{"start":{"line":7,"column":4},"end":{"line":7,"column":69}}},"2":{"name":"transferFrom","line":17,"loc":{"start":{"line":17,"column":4},"end":{"line":17,"column":88}}},"3":{"name":"balanceOf","line":27,"loc":{"start":{"line":27,"column":4},"end":{"line":27,"column":69}}},"4":{"name":"approve","line":31,"loc":{"start":{"line":31,"column":4},"end":{"line":31,"column":73}}},"5":{"name":"allowance","line":37,"loc":{"start":{"line":37,"column":4},"end":{"line":37,"column":89}}}},"statementMap":{"1":{"start":{"line":9,"column":8},"end":{"line":9,"column":266}},"2":{"start":{"line":10,"column":12},"end":{"line":10,"column":41}},"3":{"start":{"line":11,"column":12},"end":{"line":11,"column":34}},"4":{"start":{"line":12,"column":12},"end":{"line":12,"column":44}},"5":{"start":{"line":13,"column":12},"end":{"line":13,"column":23}},"6":{"start":{"line":14,"column":17},"end":{"line":14,"column":29}},"7":{"start":{"line":18,"column":8},"end":{"line":18,"column":640}},"8":{"start":{"line":19,"column":12},"end":{"line":19,"column":34}},"9":{"start":{"line":20,"column":12},"end":{"line":20,"column":36}},"10":{"start":{"line":21,"column":12},"end":{"line":21,"column":47}},"11":{"start":{"line":22,"column":12},"end":{"line":22,"column":39}},"12":{"start":{"line":23,"column":12},"end":{"line":23,"column":23}},"13":{"start":{"line":24,"column":17},"end":{"line":24,"column":29}},"14":{"start":{"line":28,"column":8},"end":{"line":28,"column":31}},"15":{"start":{"line":32,"column":8},"end":{"line":32,"column":45}},"16":{"start":{"line":33,"column":8},"end":{"line":33,"column":45}},"17":{"start":{"line":34,"column":8},"end":{"line":34,"column":19}},"18":{"start":{"line":38,"column":8},"end":{"line":38,"column":40}}},"branchMap":{"1":{"line":9,"type":"if","locations":[{"start":{"line":9,"column":8},"end":{"line":9,"column":8}},{"start":{"line":9,"column":8},"end":{"line":9,"column":8}}]},"2":{"line":18,"type":"if","locations":[{"start":{"line":18,"column":8},"end":{"line":18,"column":8}},{"start":{"line":18,"column":8},"end":{"line":18,"column":8}}]}}},"/Users/primary/Projects/0x_contracts/contracts/base/StandardTokenWithOverflowProtection.sol":{"l":{"29":0,"30":0,"31":0,"32":0,"44":5,"45":4,"46":4,"47":4,"48":4,"59":8,"60":8,"61":8,"76":5,"87":26},"path":"/Users/primary/Projects/0x_contracts/contracts/base/StandardTokenWithOverflowProtection.sol","s":{"1":0,"2":0,"3":0,"4":0,"5":5,"6":4,"7":4,"8":4,"9":4,"10":8,"11":8,"12":8,"13":5,"14":26},"b":{},"f":{"1":0,"2":5,"3":8,"4":5,"5":26},"fnMap":{"1":{"name":"transfer","line":25,"loc":{"start":{"line":25,"column":4},"end":{"line":28,"column":6}}},"2":{"name":"transferFrom","line":40,"loc":{"start":{"line":40,"column":4},"end":{"line":43,"column":6}}},"3":{"name":"approve","line":55,"loc":{"start":{"line":55,"column":4},"end":{"line":58,"column":6}}},"4":{"name":"allowance","line":71,"loc":{"start":{"line":71,"column":4},"end":{"line":75,"column":6}}},"5":{"name":"balanceOf","line":82,"loc":{"start":{"line":82,"column":4},"end":{"line":86,"column":6}}}},"statementMap":{"1":{"start":{"line":29,"column":8},"end":{"line":29,"column":67}},"2":{"start":{"line":30,"column":8},"end":{"line":30,"column":53}},"3":{"start":{"line":31,"column":8},"end":{"line":31,"column":40}},"4":{"start":{"line":32,"column":8},"end":{"line":32,"column":19}},"5":{"start":{"line":44,"column":8},"end":{"line":44,"column":57}},"6":{"start":{"line":45,"column":8},"end":{"line":45,"column":79}},"7":{"start":{"line":46,"column":8},"end":{"line":46,"column":53}},"8":{"start":{"line":47,"column":8},"end":{"line":47,"column":35}},"9":{"start":{"line":48,"column":8},"end":{"line":48,"column":19}},"10":{"start":{"line":59,"column":8},"end":{"line":59,"column":45}},"11":{"start":{"line":60,"column":8},"end":{"line":60,"column":45}},"12":{"start":{"line":61,"column":8},"end":{"line":61,"column":19}},"13":{"start":{"line":76,"column":8},"end":{"line":76,"column":40}},"14":{"start":{"line":87,"column":8},"end":{"line":87,"column":31}}},"branchMap":{}},"/Users/primary/Projects/0x_contracts/contracts/base/Token.sol":{"l":{},"path":"/Users/primary/Projects/0x_contracts/contracts/base/Token.sol","s":{},"b":{},"f":{"1":0,"2":0,"3":0,"4":0,"5":0,"6":0},"fnMap":{"1":{"name":"totalSupply","line":6,"loc":{"start":{"line":6,"column":4},"end":{"line":6,"column":56}}},"2":{"name":"balanceOf","line":10,"loc":{"start":{"line":10,"column":4},"end":{"line":10,"column":69}}},"3":{"name":"transfer","line":16,"loc":{"start":{"line":16,"column":4},"end":{"line":16,"column":69}}},"4":{"name":"transferFrom","line":23,"loc":{"start":{"line":23,"column":4},"end":{"line":23,"column":88}}},"5":{"name":"approve","line":29,"loc":{"start":{"line":29,"column":4},"end":{"line":29,"column":73}}},"6":{"name":"allowance","line":34,"loc":{"start":{"line":34,"column":4},"end":{"line":34,"column":89}}}},"statementMap":{},"branchMap":{}},"/Users/primary/Projects/0x_contracts/contracts/Exchange.sol":{"l":{"84":1,"85":1,"111":49,"125":49,"126":48,"134":47,"135":3,"136":3,"139":44,"140":44,"141":44,"142":5,"143":5,"146":39,"147":0,"148":0,"151":39,"152":8,"153":8,"156":31,"157":31,"158":31,"159":31,"160":31,"166":29,"172":26,"173":21,"174":21,"175":21,"182":21,"183":21,"184":21,"193":26,"206":26,"220":10,"234":10,"236":9,"237":1,"238":1,"241":8,"242":8,"243":8,"244":1,"245":1,"248":7,"250":7,"260":7,"284":8,"293":5,"315":2,"316":6,"326":2,"346":0,"347":0,"356":0,"378":3,"379":3,"381":6,"390":6,"392":2,"406":1,"407":3,"413":1,"428":60,"460":50,"477":39,"489":173,"499":57,"521":102,"533":35,"534":35,"536":35,"537":29,"538":29,"539":29,"540":29,"541":29,"542":29,"544":29,"550":25,"553":23,"562":27,"574":116,"586":110},"path":"/Users/primary/Projects/0x_contracts/contracts/Exchange.sol","s":{"1":1,"2":1,"3":49,"4":49,"5":48,"6":47,"7":3,"8":3,"9":44,"10":44,"11":44,"12":5,"13":5,"14":39,"15":0,"16":0,"17":39,"18":8,"19":8,"20":31,"21":31,"22":31,"23":29,"24":26,"25":21,"26":21,"27":21,"28":21,"29":21,"30":21,"31":26,"32":26,"33":10,"34":10,"35":9,"36":1,"37":1,"38":8,"39":8,"40":8,"41":1,"42":1,"43":7,"44":7,"45":7,"46":8,"47":5,"48":2,"49":6,"50":2,"51":0,"52":0,"53":0,"54":3,"55":3,"56":7,"57":6,"58":6,"59":2,"60":1,"61":3,"62":1,"63":60,"64":50,"65":39,"66":173,"67":57,"68":102,"69":35,"70":35,"71":35,"72":29,"73":29,"74":29,"75":29,"76":29,"77":29,"78":29,"79":4,"80":25,"81":2,"82":23,"83":2,"84":6,"85":0,"86":27,"87":116,"88":110},"b":{"1":[3,44],"2":[5,39],"3":[0,39],"4":[8,31],"5":[21,5],"6":[21,0],"7":[21,0],"8":[1,8],"9":[1,7],"10":[1,5],"11":[29,6],"12":[2,27],"13":[2,27],"14":[4,25],"15":[2,23],"16":[2,21],"17":[0,6]},"f":{"1":1,"2":49,"3":10,"4":8,"5":2,"6":0,"7":3,"8":1,"9":60,"10":50,"11":39,"12":173,"13":57,"14":102,"15":35,"16":116,"17":110},"fnMap":{"1":{"name":"Exchange","line":83,"loc":{"start":{"line":83,"column":4},"end":{"line":83,"column":74}}},"2":{"name":"fillOrder","line":101,"loc":{"start":{"line":101,"column":4},"end":{"line":110,"column":6}}},"3":{"name":"cancelOrder","line":214,"loc":{"start":{"line":214,"column":4},"end":{"line":219,"column":6}}},"4":{"name":"fillOrKillOrder","line":275,"loc":{"start":{"line":275,"column":4},"end":{"line":283,"column":6}}},"5":{"name":"batchFillOrders","line":305,"loc":{"start":{"line":305,"column":4},"end":{"line":314,"column":6}}},"6":{"name":"batchFillOrKillOrders","line":337,"loc":{"start":{"line":337,"column":4},"end":{"line":345,"column":6}}},"7":{"name":"fillOrdersUpTo","line":368,"loc":{"start":{"line":368,"column":4},"end":{"line":377,"column":6}}},"8":{"name":"batchCancelOrders","line":400,"loc":{"start":{"line":400,"column":4},"end":{"line":405,"column":6}}},"9":{"name":"getOrderHash","line":424,"loc":{"start":{"line":424,"column":4},"end":{"line":427,"column":6}}},"10":{"name":"isValidSignature","line":451,"loc":{"start":{"line":451,"column":4},"end":{"line":459,"column":6}}},"11":{"name":"isRoundingError","line":473,"loc":{"start":{"line":473,"column":4},"end":{"line":476,"column":6}}},"12":{"name":"getPartialAmount","line":485,"loc":{"start":{"line":485,"column":4},"end":{"line":488,"column":6}}},"13":{"name":"getUnavailableTakerTokenAmount","line":495,"loc":{"start":{"line":495,"column":4},"end":{"line":498,"column":6}}},"14":{"name":"transferViaProxy","line":513,"loc":{"start":{"line":513,"column":4},"end":{"line":520,"column":6}}},"15":{"name":"isTransferable","line":528,"loc":{"start":{"line":528,"column":4},"end":{"line":532,"column":6}}},"16":{"name":"getBalance","line":569,"loc":{"start":{"line":569,"column":4},"end":{"line":573,"column":6}}},"17":{"name":"getAllowance","line":581,"loc":{"start":{"line":581,"column":4},"end":{"line":585,"column":6}}}},"statementMap":{"1":{"start":{"line":84,"column":8},"end":{"line":84,"column":47}},"2":{"start":{"line":85,"column":8},"end":{"line":85,"column":39}},"3":{"start":{"line":111,"column":8},"end":{"line":111,"column":3874}},"4":{"start":{"line":125,"column":8},"end":{"line":125,"column":70}},"5":{"start":{"line":126,"column":8},"end":{"line":126,"column":4491}},"6":{"start":{"line":134,"column":8},"end":{"line":134,"column":4635}},"7":{"start":{"line":135,"column":12},"end":{"line":135,"column":57}},"8":{"start":{"line":136,"column":12},"end":{"line":136,"column":20}},"9":{"start":{"line":139,"column":8},"end":{"line":139,"column":120}},"10":{"start":{"line":140,"column":8},"end":{"line":140,"column":87}},"11":{"start":{"line":141,"column":8},"end":{"line":141,"column":5006}},"12":{"start":{"line":142,"column":12},"end":{"line":142,"column":75}},"13":{"start":{"line":143,"column":12},"end":{"line":143,"column":20}},"14":{"start":{"line":146,"column":8},"end":{"line":146,"column":5160}},"15":{"start":{"line":147,"column":12},"end":{"line":147,"column":68}},"16":{"start":{"line":148,"column":12},"end":{"line":148,"column":20}},"17":{"start":{"line":151,"column":8},"end":{"line":151,"column":5367}},"18":{"start":{"line":152,"column":12},"end":{"line":152,"column":77}},"19":{"start":{"line":153,"column":12},"end":{"line":153,"column":20}},"20":{"start":{"line":156,"column":8},"end":{"line":156,"column":125}},"21":{"start":{"line":159,"column":8},"end":{"line":159,"column":89}},"22":{"start":{"line":160,"column":8},"end":{"line":160,"column":5865}},"23":{"start":{"line":166,"column":8},"end":{"line":166,"column":6024}},"24":{"start":{"line":172,"column":8},"end":{"line":172,"column":6182}},"25":{"start":{"line":173,"column":12},"end":{"line":173,"column":6238}},"26":{"start":{"line":174,"column":16},"end":{"line":174,"column":110}},"27":{"start":{"line":175,"column":16},"end":{"line":175,"column":6398}},"28":{"start":{"line":182,"column":12},"end":{"line":182,"column":6610}},"29":{"start":{"line":183,"column":16},"end":{"line":183,"column":110}},"30":{"start":{"line":184,"column":16},"end":{"line":184,"column":6770}},"31":{"start":{"line":193,"column":8},"end":{"line":193,"column":6984}},"32":{"start":{"line":206,"column":8},"end":{"line":206,"column":37}},"33":{"start":{"line":220,"column":8},"end":{"line":220,"column":8000}},"34":{"start":{"line":234,"column":8},"end":{"line":234,"column":41}},"35":{"start":{"line":236,"column":8},"end":{"line":236,"column":8588}},"36":{"start":{"line":237,"column":12},"end":{"line":237,"column":57}},"37":{"start":{"line":238,"column":12},"end":{"line":238,"column":20}},"38":{"start":{"line":241,"column":8},"end":{"line":241,"column":120}},"39":{"start":{"line":242,"column":8},"end":{"line":242,"column":92}},"40":{"start":{"line":243,"column":8},"end":{"line":243,"column":8964}},"41":{"start":{"line":244,"column":12},"end":{"line":244,"column":75}},"42":{"start":{"line":245,"column":12},"end":{"line":245,"column":20}},"43":{"start":{"line":248,"column":8},"end":{"line":248,"column":98}},"44":{"start":{"line":250,"column":8},"end":{"line":250,"column":9223}},"45":{"start":{"line":260,"column":8},"end":{"line":260,"column":40}},"46":{"start":{"line":284,"column":8},"end":{"line":284,"column":10573}},"47":{"start":{"line":293,"column":8},"end":{"line":293,"column":19}},"48":{"start":{"line":315,"column":8},"end":{"line":315,"column":11752}},"49":{"start":{"line":316,"column":12},"end":{"line":316,"column":11819}},"50":{"start":{"line":326,"column":8},"end":{"line":326,"column":19}},"51":{"start":{"line":346,"column":8},"end":{"line":346,"column":12976}},"52":{"start":{"line":347,"column":12},"end":{"line":347,"column":13044}},"53":{"start":{"line":356,"column":8},"end":{"line":356,"column":19}},"54":{"start":{"line":378,"column":8},"end":{"line":378,"column":33}},"55":{"start":{"line":379,"column":8},"end":{"line":379,"column":14369}},"56":{"start":{"line":380,"column":12},"end":{"line":380,"column":64}},"57":{"start":{"line":381,"column":12},"end":{"line":381,"column":14550}},"58":{"start":{"line":390,"column":12},"end":{"line":390,"column":69}},"59":{"start":{"line":392,"column":8},"end":{"line":392,"column":37}},"60":{"start":{"line":406,"column":8},"end":{"line":406,"column":15605}},"61":{"start":{"line":407,"column":12},"end":{"line":407,"column":15672}},"62":{"start":{"line":413,"column":8},"end":{"line":413,"column":19}},"63":{"start":{"line":428,"column":8},"end":{"line":428,"column":16390}},"64":{"start":{"line":460,"column":8},"end":{"line":460,"column":17471}},"65":{"start":{"line":477,"column":8},"end":{"line":477,"column":78}},"66":{"start":{"line":489,"column":8},"end":{"line":489,"column":63}},"67":{"start":{"line":499,"column":8},"end":{"line":499,"column":63}},"68":{"start":{"line":521,"column":8},"end":{"line":521,"column":73}},"69":{"start":{"line":533,"column":8},"end":{"line":533,"column":33}},"70":{"start":{"line":534,"column":8},"end":{"line":534,"column":121}},"71":{"start":{"line":536,"column":8},"end":{"line":536,"column":20121}},"72":{"start":{"line":537,"column":12},"end":{"line":537,"column":72}},"73":{"start":{"line":538,"column":12},"end":{"line":538,"column":72}},"74":{"start":{"line":539,"column":12},"end":{"line":539,"column":109}},"75":{"start":{"line":540,"column":12},"end":{"line":540,"column":109}},"76":{"start":{"line":541,"column":12},"end":{"line":541,"column":111}},"77":{"start":{"line":542,"column":12},"end":{"line":542,"column":111}},"78":{"start":{"line":544,"column":12},"end":{"line":544,"column":20780}},"79":{"start":{"line":548,"column":14},"end":{"line":548,"column":26}},"80":{"start":{"line":550,"column":12},"end":{"line":550,"column":21129}},"81":{"start":{"line":552,"column":14},"end":{"line":552,"column":26}},"82":{"start":{"line":553,"column":12},"end":{"line":553,"column":21410}},"83":{"start":{"line":555,"column":14},"end":{"line":555,"column":26}},"84":{"start":{"line":556,"column":15},"end":{"line":556,"column":21678}},"85":{"start":{"line":560,"column":10},"end":{"line":560,"column":22}},"86":{"start":{"line":562,"column":8},"end":{"line":562,"column":19}},"87":{"start":{"line":574,"column":8},"end":{"line":574,"column":44}},"88":{"start":{"line":586,"column":8},"end":{"line":586,"column":60}}},"branchMap":{"1":{"line":134,"type":"if","locations":[{"start":{"line":134,"column":8},"end":{"line":134,"column":8}},{"start":{"line":134,"column":8},"end":{"line":134,"column":8}}]},"2":{"line":141,"type":"if","locations":[{"start":{"line":141,"column":8},"end":{"line":141,"column":8}},{"start":{"line":141,"column":8},"end":{"line":141,"column":8}}]},"3":{"line":146,"type":"if","locations":[{"start":{"line":146,"column":8},"end":{"line":146,"column":8}},{"start":{"line":146,"column":8},"end":{"line":146,"column":8}}]},"4":{"line":151,"type":"if","locations":[{"start":{"line":151,"column":8},"end":{"line":151,"column":8}},{"start":{"line":151,"column":8},"end":{"line":151,"column":8}}]},"5":{"line":172,"type":"if","locations":[{"start":{"line":172,"column":8},"end":{"line":172,"column":8}},{"start":{"line":172,"column":8},"end":{"line":172,"column":8}}]},"6":{"line":173,"type":"if","locations":[{"start":{"line":173,"column":12},"end":{"line":173,"column":12}},{"start":{"line":173,"column":12},"end":{"line":173,"column":12}}]},"7":{"line":182,"type":"if","locations":[{"start":{"line":182,"column":12},"end":{"line":182,"column":12}},{"start":{"line":182,"column":12},"end":{"line":182,"column":12}}]},"8":{"line":236,"type":"if","locations":[{"start":{"line":236,"column":8},"end":{"line":236,"column":8}},{"start":{"line":236,"column":8},"end":{"line":236,"column":8}}]},"9":{"line":243,"type":"if","locations":[{"start":{"line":243,"column":8},"end":{"line":243,"column":8}},{"start":{"line":243,"column":8},"end":{"line":243,"column":8}}]},"10":{"line":390,"type":"if","locations":[{"start":{"line":390,"column":12},"end":{"line":390,"column":12}},{"start":{"line":390,"column":12},"end":{"line":390,"column":12}}]},"11":{"line":536,"type":"if","locations":[{"start":{"line":536,"column":8},"end":{"line":536,"column":8}},{"start":{"line":536,"column":8},"end":{"line":536,"column":8}}]},"12":{"line":541,"type":"cond-expr","locations":[{"start":{"line":541,"column":54},"end":{"line":541,"column":97}},{"start":{"line":541,"column":100},"end":{"line":541,"column":112}}]},"13":{"line":542,"type":"cond-expr","locations":[{"start":{"line":542,"column":54},"end":{"line":542,"column":97}},{"start":{"line":542,"column":100},"end":{"line":542,"column":112}}]},"14":{"line":544,"type":"if","locations":[{"start":{"line":544,"column":12},"end":{"line":544,"column":12}},{"start":{"line":544,"column":12},"end":{"line":544,"column":12}}]},"15":{"line":550,"type":"if","locations":[{"start":{"line":550,"column":12},"end":{"line":550,"column":12}},{"start":{"line":550,"column":12},"end":{"line":550,"column":12}}]},"16":{"line":553,"type":"if","locations":[{"start":{"line":553,"column":12},"end":{"line":553,"column":12}},{"start":{"line":553,"column":12},"end":{"line":553,"column":12}}]},"17":{"line":556,"type":"if","locations":[{"start":{"line":556,"column":15},"end":{"line":556,"column":15}},{"start":{"line":556,"column":15},"end":{"line":556,"column":15}}]}}},"/Users/primary/Projects/0x_contracts/contracts/MultiSigWalletWithTimeLock.sol":{"l":{"35":13,"36":13,"40":9,"41":7,"45":3,"46":2,"61":8,"70":2,"71":2,"83":13,"84":13,"85":13,"86":6,"99":0,"100":0,"111":2,"112":2,"113":2,"114":2,"116":0,"117":0,"129":6,"130":6},"path":"/Users/primary/Projects/0x_contracts/contracts/MultiSigWalletWithTimeLock.sol","s":{"1":13,"2":9,"3":3,"4":8,"5":2,"6":2,"7":13,"8":13,"9":13,"10":6,"11":0,"12":0,"13":2,"14":2,"15":2,"16":2,"17":0,"18":0,"19":6,"20":6},"b":{"1":[6,7],"2":[2,0]},"f":{"1":13,"2":9,"3":3,"4":8,"5":2,"6":13,"7":0,"8":2,"9":6},"fnMap":{"1":{"name":"confirmationTimeNotSet","line":34,"loc":{"start":{"line":34,"column":4},"end":{"line":34,"column":54}}},"2":{"name":"confirmationTimeSet","line":39,"loc":{"start":{"line":39,"column":4},"end":{"line":39,"column":51}}},"3":{"name":"pastTimeLock","line":44,"loc":{"start":{"line":44,"column":4},"end":{"line":44,"column":44}}},"4":{"name":"MultiSigWalletWithTimeLock","line":57,"loc":{"start":{"line":57,"column":4},"end":{"line":60,"column":6}}},"5":{"name":"changeTimeLock","line":66,"loc":{"start":{"line":66,"column":4},"end":{"line":69,"column":6}}},"6":{"name":"confirmTransaction","line":76,"loc":{"start":{"line":76,"column":4},"end":{"line":82,"column":6}}},"7":{"name":"revokeConfirmation","line":92,"loc":{"start":{"line":92,"column":4},"end":{"line":98,"column":6}}},"8":{"name":"executeTransaction","line":105,"loc":{"start":{"line":105,"column":4},"end":{"line":110,"column":6}}},"9":{"name":"setConfirmationTime","line":126,"loc":{"start":{"line":126,"column":4},"end":{"line":128,"column":6}}}},"statementMap":{"1":{"start":{"line":35,"column":8},"end":{"line":35,"column":53}},"2":{"start":{"line":40,"column":8},"end":{"line":40,"column":53}},"3":{"start":{"line":45,"column":8},"end":{"line":45,"column":87}},"4":{"start":{"line":61,"column":8},"end":{"line":61,"column":45}},"5":{"start":{"line":70,"column":8},"end":{"line":70,"column":45}},"6":{"start":{"line":71,"column":8},"end":{"line":71,"column":41}},"7":{"start":{"line":83,"column":8},"end":{"line":83,"column":54}},"8":{"start":{"line":84,"column":8},"end":{"line":84,"column":46}},"9":{"start":{"line":85,"column":8},"end":{"line":85,"column":2967}},"10":{"start":{"line":86,"column":12},"end":{"line":86,"column":62}},"11":{"start":{"line":99,"column":8},"end":{"line":99,"column":55}},"12":{"start":{"line":100,"column":8},"end":{"line":100,"column":44}},"13":{"start":{"line":111,"column":8},"end":{"line":111,"column":51}},"14":{"start":{"line":112,"column":8},"end":{"line":112,"column":25}},"15":{"start":{"line":113,"column":8},"end":{"line":113,"column":3929}},"16":{"start":{"line":114,"column":12},"end":{"line":114,"column":35}},"17":{"start":{"line":116,"column":12},"end":{"line":116,"column":42}},"18":{"start":{"line":117,"column":12},"end":{"line":117,"column":30}},"19":{"start":{"line":129,"column":8},"end":{"line":129,"column":58}},"20":{"start":{"line":130,"column":8},"end":{"line":130,"column":59}}},"branchMap":{"1":{"line":85,"type":"if","locations":[{"start":{"line":85,"column":8},"end":{"line":85,"column":8}},{"start":{"line":85,"column":8},"end":{"line":85,"column":8}}]},"2":{"line":113,"type":"if","locations":[{"start":{"line":113,"column":8},"end":{"line":113,"column":8}},{"start":{"line":113,"column":8},"end":{"line":113,"column":8}}]}}},"/Users/primary/Projects/0x_contracts/contracts/MultiSigWalletWithTimeLockExceptRemoveAuthorizedAddress.sol":{"l":{"10":4,"11":4,"12":3,"13":2,"29":7,"40":2,"41":2,"42":2,"43":2,"45":0,"46":0,"58":5,"59":5,"60":14,"62":3},"path":"/Users/primary/Projects/0x_contracts/contracts/MultiSigWalletWithTimeLockExceptRemoveAuthorizedAddress.sol","s":{"1":4,"2":4,"3":3,"4":7,"5":2,"6":2,"7":2,"8":2,"9":0,"10":0,"11":5,"12":5,"13":14,"14":3},"b":{"1":[2,0]},"f":{"1":4,"2":7,"3":2,"4":5},"fnMap":{"1":{"name":"validRemoveAuthorizedAddressTx","line":9,"loc":{"start":{"line":9,"column":4},"end":{"line":9,"column":62}}},"2":{"name":"MultiSigWalletWithTimeLockExceptRemoveAuthorizedAddress","line":21,"loc":{"start":{"line":21,"column":4},"end":{"line":28,"column":6}}},"3":{"name":"executeRemoveAuthorizedAddress","line":34,"loc":{"start":{"line":34,"column":4},"end":{"line":39,"column":6}}},"4":{"name":"isFunctionRemoveAuthorizedAddress","line":53,"loc":{"start":{"line":53,"column":4},"end":{"line":57,"column":6}}}},"statementMap":{"1":{"start":{"line":10,"column":8},"end":{"line":10,"column":51}},"2":{"start":{"line":11,"column":8},"end":{"line":11,"column":47}},"3":{"start":{"line":12,"column":8},"end":{"line":12,"column":57}},"4":{"start":{"line":29,"column":8},"end":{"line":29,"column":30}},"5":{"start":{"line":40,"column":8},"end":{"line":40,"column":51}},"6":{"start":{"line":41,"column":8},"end":{"line":41,"column":25}},"7":{"start":{"line":42,"column":8},"end":{"line":42,"column":1606}},"8":{"start":{"line":43,"column":12},"end":{"line":43,"column":35}},"9":{"start":{"line":45,"column":12},"end":{"line":45,"column":42}},"10":{"start":{"line":46,"column":12},"end":{"line":46,"column":30}},"11":{"start":{"line":58,"column":8},"end":{"line":58,"column":97}},"12":{"start":{"line":59,"column":8},"end":{"line":59,"column":2240}},"13":{"start":{"line":60,"column":12},"end":{"line":60,"column":65}},"14":{"start":{"line":62,"column":8},"end":{"line":62,"column":19}}},"branchMap":{"1":{"line":42,"type":"if","locations":[{"start":{"line":42,"column":8},"end":{"line":42,"column":8}},{"start":{"line":42,"column":8},"end":{"line":42,"column":8}}]}}},"/Users/primary/Projects/0x_contracts/contracts/Proxy.sol":{"l":{"29":104,"30":103,"34":4,"35":3,"39":11,"40":10,"61":10,"62":10,"63":10,"64":10,"75":3,"76":3,"77":4,"78":3,"79":3,"80":3,"83":3,"84":3,"101":103,"115":1},"path":"/Users/primary/Projects/0x_contracts/contracts/Proxy.sol","s":{"1":104,"2":4,"3":11,"4":10,"5":10,"6":10,"7":3,"8":4,"9":3,"10":3,"11":3,"12":3,"13":103,"14":1},"b":{"1":[3,1]},"f":{"1":104,"2":4,"3":11,"4":10,"5":3,"6":103,"7":1},"fnMap":{"1":{"name":"onlyAuthorized","line":28,"loc":{"start":{"line":28,"column":4},"end":{"line":28,"column":26}}},"2":{"name":"targetAuthorized","line":33,"loc":{"start":{"line":33,"column":4},"end":{"line":33,"column":44}}},"3":{"name":"targetNotAuthorized","line":38,"loc":{"start":{"line":38,"column":4},"end":{"line":38,"column":47}}},"4":{"name":"addAuthorizedAddress","line":56,"loc":{"start":{"line":56,"column":4},"end":{"line":60,"column":6}}},"5":{"name":"removeAuthorizedAddress","line":70,"loc":{"start":{"line":70,"column":4},"end":{"line":74,"column":6}}},"6":{"name":"transferFrom","line":93,"loc":{"start":{"line":93,"column":4},"end":{"line":100,"column":6}}},"7":{"name":"getAuthorizedAddresses","line":110,"loc":{"start":{"line":110,"column":4},"end":{"line":114,"column":6}}}},"statementMap":{"1":{"start":{"line":29,"column":8},"end":{"line":29,"column":38}},"2":{"start":{"line":34,"column":8},"end":{"line":34,"column":34}},"3":{"start":{"line":39,"column":8},"end":{"line":39,"column":35}},"4":{"start":{"line":61,"column":8},"end":{"line":61,"column":32}},"5":{"start":{"line":63,"column":8},"end":{"line":63,"column":52}},"6":{"start":{"line":64,"column":8},"end":{"line":64,"column":19}},"7":{"start":{"line":76,"column":8},"end":{"line":76,"column":2324}},"8":{"start":{"line":77,"column":12},"end":{"line":77,"column":2388}},"9":{"start":{"line":78,"column":16},"end":{"line":78,"column":67}},"10":{"start":{"line":79,"column":16},"end":{"line":79,"column":38}},"11":{"start":{"line":83,"column":8},"end":{"line":83,"column":54}},"12":{"start":{"line":84,"column":8},"end":{"line":84,"column":19}},"13":{"start":{"line":101,"column":8},"end":{"line":101,"column":57}},"14":{"start":{"line":115,"column":8},"end":{"line":115,"column":29}}},"branchMap":{"1":{"line":77,"type":"if","locations":[{"start":{"line":77,"column":12},"end":{"line":77,"column":12}},{"start":{"line":77,"column":12},"end":{"line":77,"column":12}}]}}},"/Users/primary/Projects/0x_contracts/contracts/TokenDistributionWithRegistry.sol":{"l":{"66":8,"67":7,"71":14,"72":13,"76":7,"77":6,"81":6,"82":5,"92":9,"93":9,"94":9,"95":9,"96":9,"98":9,"99":9,"100":9,"107":1,"125":12,"143":12,"144":11,"145":10,"147":9,"155":8,"156":8,"158":8,"183":5,"184":5,"185":5,"186":5,"188":5,"190":5,"198":4,"199":4,"201":4,"202":3,"204":4,"205":2,"206":2,"218":8,"219":8,"227":3,"236":14,"245":2,"246":4,"258":12,"290":9},"path":"/Users/primary/Projects/0x_contracts/contracts/TokenDistributionWithRegistry.sol","s":{"1":8,"2":14,"3":7,"4":6,"5":9,"6":9,"7":9,"8":9,"9":9,"10":9,"11":9,"12":9,"13":1,"14":12,"15":12,"16":11,"17":10,"18":9,"19":8,"20":8,"21":8,"22":5,"23":5,"24":5,"25":5,"26":5,"27":4,"28":4,"29":4,"30":3,"31":4,"32":2,"33":2,"34":8,"35":8,"36":3,"37":14,"38":2,"39":4,"40":12,"41":9},"b":{"1":[3,1],"2":[2,2]},"f":{"1":8,"2":14,"3":7,"4":6,"5":9,"6":1,"7":12,"8":5,"9":8,"10":3,"11":14,"12":2,"13":12,"14":9},"fnMap":{"1":{"name":"distributionInitialized","line":65,"loc":{"start":{"line":65,"column":4},"end":{"line":65,"column":37}}},"2":{"name":"distributionNotInitialized","line":70,"loc":{"start":{"line":70,"column":4},"end":{"line":70,"column":40}}},"3":{"name":"distributionNotFinished","line":75,"loc":{"start":{"line":75,"column":4},"end":{"line":75,"column":37}}},"4":{"name":"callerIsRegistered","line":80,"loc":{"start":{"line":80,"column":4},"end":{"line":80,"column":32}}},"5":{"name":"TokenDistributionWithRegistry","line":85,"loc":{"start":{"line":85,"column":4},"end":{"line":91,"column":6}}},"6":{"name":null,"line":104,"loc":{"start":{"line":104,"column":4},"end":{"line":106,"column":6}}},"7":{"name":"init","line":116,"loc":{"start":{"line":116,"column":4},"end":{"line":124,"column":6}}},"8":{"name":"fillOrderWithEth","line":177,"loc":{"start":{"line":177,"column":4},"end":{"line":182,"column":6}}},"9":{"name":"setTokenAllowance","line":214,"loc":{"start":{"line":214,"column":4},"end":{"line":217,"column":6}}},"10":{"name":"setCapPerAddress","line":224,"loc":{"start":{"line":224,"column":4},"end":{"line":226,"column":6}}},"11":{"name":"changeRegistrationStatus","line":233,"loc":{"start":{"line":233,"column":4},"end":{"line":235,"column":6}}},"12":{"name":"changeRegistrationStatuses","line":242,"loc":{"start":{"line":242,"column":4},"end":{"line":244,"column":6}}},"13":{"name":"getOrderHash","line":254,"loc":{"start":{"line":254,"column":4},"end":{"line":257,"column":6}}},"14":{"name":"isValidSignature","line":281,"loc":{"start":{"line":281,"column":4},"end":{"line":289,"column":6}}}},"statementMap":{"1":{"start":{"line":66,"column":8},"end":{"line":66,"column":28}},"2":{"start":{"line":71,"column":8},"end":{"line":71,"column":29}},"3":{"start":{"line":76,"column":8},"end":{"line":76,"column":26}},"4":{"start":{"line":81,"column":8},"end":{"line":81,"column":38}},"5":{"start":{"line":92,"column":8},"end":{"line":92,"column":30}},"6":{"start":{"line":93,"column":8},"end":{"line":93,"column":36}},"7":{"start":{"line":94,"column":8},"end":{"line":94,"column":47}},"8":{"start":{"line":95,"column":8},"end":{"line":95,"column":37}},"9":{"start":{"line":96,"column":8},"end":{"line":96,"column":40}},"10":{"start":{"line":98,"column":8},"end":{"line":98,"column":37}},"11":{"start":{"line":99,"column":8},"end":{"line":99,"column":44}},"12":{"start":{"line":100,"column":8},"end":{"line":100,"column":39}},"13":{"start":{"line":107,"column":8},"end":{"line":107,"column":25}},"14":{"start":{"line":125,"column":8},"end":{"line":125,"column":3182}},"15":{"start":{"line":143,"column":8},"end":{"line":143,"column":44}},"16":{"start":{"line":144,"column":8},"end":{"line":144,"column":59}},"17":{"start":{"line":145,"column":8},"end":{"line":145,"column":54}},"18":{"start":{"line":147,"column":8},"end":{"line":147,"column":3968}},"19":{"start":{"line":155,"column":8},"end":{"line":155,"column":74}},"20":{"start":{"line":156,"column":8},"end":{"line":156,"column":27}},"21":{"start":{"line":158,"column":8},"end":{"line":158,"column":4220}},"22":{"start":{"line":183,"column":8},"end":{"line":183,"column":116}},"23":{"start":{"line":184,"column":8},"end":{"line":184,"column":75}},"24":{"start":{"line":185,"column":8},"end":{"line":185,"column":75}},"25":{"start":{"line":188,"column":8},"end":{"line":188,"column":76}},"26":{"start":{"line":190,"column":8},"end":{"line":190,"column":5248}},"27":{"start":{"line":198,"column":8},"end":{"line":198,"column":109}},"28":{"start":{"line":199,"column":8},"end":{"line":199,"column":70}},"29":{"start":{"line":201,"column":8},"end":{"line":201,"column":5805}},"30":{"start":{"line":202,"column":12},"end":{"line":202,"column":65}},"31":{"start":{"line":204,"column":8},"end":{"line":204,"column":5920}},"32":{"start":{"line":205,"column":12},"end":{"line":205,"column":28}},"33":{"start":{"line":206,"column":12},"end":{"line":206,"column":21}},"34":{"start":{"line":218,"column":8},"end":{"line":218,"column":64}},"35":{"start":{"line":219,"column":8},"end":{"line":219,"column":19}},"36":{"start":{"line":227,"column":8},"end":{"line":227,"column":43}},"37":{"start":{"line":236,"column":8},"end":{"line":236,"column":40}},"38":{"start":{"line":245,"column":8},"end":{"line":245,"column":7368}},"39":{"start":{"line":246,"column":12},"end":{"line":246,"column":61}},"40":{"start":{"line":258,"column":8},"end":{"line":258,"column":7992}},"41":{"start":{"line":290,"column":8},"end":{"line":290,"column":8903}}},"branchMap":{"1":{"line":201,"type":"if","locations":[{"start":{"line":201,"column":8},"end":{"line":201,"column":8}},{"start":{"line":201,"column":8},"end":{"line":201,"column":8}}]},"2":{"line":204,"type":"if","locations":[{"start":{"line":204,"column":8},"end":{"line":204,"column":8}},{"start":{"line":204,"column":8},"end":{"line":204,"column":8}}]}}},"/Users/primary/Projects/0x_contracts/contracts/TokenRegistry.sol":{"l":{"69":3,"70":3,"75":8,"76":8,"100":8,"109":8,"110":8,"111":8,"112":8,"130":1,"131":8,"132":1,"133":1,"134":1,"137":1,"138":1,"147":1,"148":1,"149":1,"160":1,"161":1,"162":1,"163":1,"164":1,"175":1,"176":1,"177":1,"178":1,"179":1,"190":0,"191":0,"192":0,"203":0,"204":0,"205":0,"216":0,"217":0,"218":0,"229":13,"236":0,"254":8,"255":8,"281":3,"282":3,"300":3,"301":3,"308":0},"path":"/Users/primary/Projects/0x_contracts/contracts/TokenRegistry.sol","s":{"1":3,"2":8,"3":8,"4":8,"5":8,"6":8,"7":1,"8":8,"9":1,"10":1,"11":1,"12":1,"13":1,"14":1,"15":1,"16":1,"17":1,"18":1,"19":1,"20":1,"21":0,"22":0,"23":0,"24":0,"25":0,"26":0,"27":0,"28":0,"29":0,"30":13,"31":0,"32":8,"33":8,"34":3,"35":3,"36":3,"37":3,"38":0},"b":{"1":[3,0],"2":[8,0],"3":[1,7]},"f":{"1":3,"2":8,"3":8,"4":1,"5":1,"6":1,"7":0,"8":0,"9":0,"10":13,"11":0,"12":8,"13":3,"14":3,"15":0},"fnMap":{"1":{"name":"tokenExists","line":68,"loc":{"start":{"line":68,"column":4},"end":{"line":68,"column":39}}},"2":{"name":"tokenDoesNotExist","line":74,"loc":{"start":{"line":74,"column":4},"end":{"line":74,"column":45}}},"3":{"name":"addToken","line":88,"loc":{"start":{"line":88,"column":4},"end":{"line":99,"column":6}}},"4":{"name":"removeToken","line":125,"loc":{"start":{"line":125,"column":4},"end":{"line":129,"column":6}}},"5":{"name":"setTokenName","line":155,"loc":{"start":{"line":155,"column":4},"end":{"line":159,"column":6}}},"6":{"name":"setTokenSymbol","line":170,"loc":{"start":{"line":170,"column":4},"end":{"line":174,"column":6}}},"7":{"name":"setTokenIpfsHash","line":185,"loc":{"start":{"line":185,"column":4},"end":{"line":189,"column":6}}},"8":{"name":"setTokenSwarmHash","line":198,"loc":{"start":{"line":198,"column":4},"end":{"line":202,"column":6}}},"9":{"name":"setTokenUrl","line":211,"loc":{"start":{"line":211,"column":4},"end":{"line":215,"column":6}}},"10":{"name":"getTokenAddressBySymbol","line":228,"loc":{"start":{"line":228,"column":4},"end":{"line":228,"column":91}}},"11":{"name":"getTokenAddressByName","line":235,"loc":{"start":{"line":235,"column":4},"end":{"line":235,"column":87}}},"12":{"name":"getTokenMetaData","line":242,"loc":{"start":{"line":242,"column":4},"end":{"line":253,"column":6}}},"13":{"name":"getTokenByName","line":269,"loc":{"start":{"line":269,"column":4},"end":{"line":280,"column":6}}},"14":{"name":"getTokenBySymbol","line":288,"loc":{"start":{"line":288,"column":4},"end":{"line":299,"column":6}}},"15":{"name":"getTokenAddresses","line":306,"loc":{"start":{"line":306,"column":4},"end":{"line":306,"column":58}}}},"statementMap":{"1":{"start":{"line":69,"column":8},"end":{"line":69,"column":2137}},"2":{"start":{"line":75,"column":8},"end":{"line":75,"column":2268}},"3":{"start":{"line":100,"column":8},"end":{"line":100,"column":3024}},"4":{"start":{"line":110,"column":8},"end":{"line":110,"column":38}},"5":{"start":{"line":111,"column":8},"end":{"line":111,"column":34}},"6":{"start":{"line":112,"column":8},"end":{"line":112,"column":3395}},"7":{"start":{"line":130,"column":8},"end":{"line":130,"column":3811}},"8":{"start":{"line":131,"column":12},"end":{"line":131,"column":3878}},"9":{"start":{"line":132,"column":16},"end":{"line":132,"column":76}},"10":{"start":{"line":133,"column":16},"end":{"line":133,"column":41}},"11":{"start":{"line":137,"column":8},"end":{"line":137,"column":43}},"12":{"start":{"line":138,"column":8},"end":{"line":138,"column":4133}},"13":{"start":{"line":160,"column":8},"end":{"line":160,"column":43}},"14":{"start":{"line":161,"column":8},"end":{"line":161,"column":52}},"15":{"start":{"line":163,"column":8},"end":{"line":163,"column":34}},"16":{"start":{"line":164,"column":8},"end":{"line":164,"column":25}},"17":{"start":{"line":175,"column":8},"end":{"line":175,"column":43}},"18":{"start":{"line":176,"column":8},"end":{"line":176,"column":58}},"19":{"start":{"line":178,"column":8},"end":{"line":178,"column":38}},"20":{"start":{"line":179,"column":8},"end":{"line":179,"column":29}},"21":{"start":{"line":190,"column":8},"end":{"line":190,"column":43}},"22":{"start":{"line":191,"column":8},"end":{"line":191,"column":64}},"23":{"start":{"line":192,"column":8},"end":{"line":192,"column":33}},"24":{"start":{"line":203,"column":8},"end":{"line":203,"column":43}},"25":{"start":{"line":204,"column":8},"end":{"line":204,"column":67}},"26":{"start":{"line":205,"column":8},"end":{"line":205,"column":35}},"27":{"start":{"line":216,"column":8},"end":{"line":216,"column":43}},"28":{"start":{"line":217,"column":8},"end":{"line":217,"column":49}},"29":{"start":{"line":218,"column":8},"end":{"line":218,"column":23}},"30":{"start":{"line":229,"column":8},"end":{"line":229,"column":37}},"31":{"start":{"line":236,"column":8},"end":{"line":236,"column":33}},"32":{"start":{"line":254,"column":8},"end":{"line":254,"column":50}},"33":{"start":{"line":255,"column":8},"end":{"line":255,"column":7885}},"34":{"start":{"line":281,"column":8},"end":{"line":281,"column":42}},"35":{"start":{"line":282,"column":8},"end":{"line":282,"column":39}},"36":{"start":{"line":300,"column":8},"end":{"line":300,"column":46}},"37":{"start":{"line":301,"column":8},"end":{"line":301,"column":39}},"38":{"start":{"line":308,"column":8},"end":{"line":308,"column":32}}},"branchMap":{"1":{"line":69,"type":"if","locations":[{"start":{"line":69,"column":8},"end":{"line":69,"column":8}},{"start":{"line":69,"column":8},"end":{"line":69,"column":8}}]},"2":{"line":75,"type":"if","locations":[{"start":{"line":75,"column":8},"end":{"line":75,"column":8}},{"start":{"line":75,"column":8},"end":{"line":75,"column":8}}]},"3":{"line":131,"type":"if","locations":[{"start":{"line":131,"column":12},"end":{"line":131,"column":12}},{"start":{"line":131,"column":12},"end":{"line":131,"column":12}}]}}},"/Users/primary/Projects/0x_contracts/contracts/tokens/DummyToken.sol":{"l":{"17":6,"18":6,"19":6,"20":6,"21":6,"25":15,"26":15,"27":8,"29":7,"31":15},"path":"/Users/primary/Projects/0x_contracts/contracts/tokens/DummyToken.sol","s":{"1":6,"2":6,"3":6,"4":6,"5":6,"6":15,"7":15,"8":8,"9":7,"10":15},"b":{"1":[8,7]},"f":{"1":6,"2":15},"fnMap":{"1":{"name":"DummyToken","line":11,"loc":{"start":{"line":11,"column":4},"end":{"line":16,"column":6}}},"2":{"name":"setBalance","line":24,"loc":{"start":{"line":24,"column":4},"end":{"line":24,"column":62}}}},"statementMap":{"1":{"start":{"line":17,"column":8},"end":{"line":17,"column":19}},"2":{"start":{"line":18,"column":8},"end":{"line":18,"column":23}},"3":{"start":{"line":19,"column":8},"end":{"line":19,"column":27}},"4":{"start":{"line":20,"column":8},"end":{"line":20,"column":33}},"5":{"start":{"line":21,"column":8},"end":{"line":21,"column":42}},"6":{"start":{"line":25,"column":8},"end":{"line":25,"column":44}},"7":{"start":{"line":26,"column":8},"end":{"line":26,"column":628}},"8":{"start":{"line":27,"column":12},"end":{"line":27,"column":75}},"9":{"start":{"line":29,"column":12},"end":{"line":29,"column":75}},"10":{"start":{"line":31,"column":8},"end":{"line":31,"column":33}}},"branchMap":{"1":{"line":26,"type":"if","locations":[{"start":{"line":26,"column":8},"end":{"line":26,"column":8}},{"start":{"line":26,"column":8},"end":{"line":26,"column":8}}]}}},"/Users/primary/Projects/0x_contracts/contracts/tokens/EtherToken.sol":{"l":{"26":1,"34":7,"35":7,"43":2,"44":1,"45":1},"path":"/Users/primary/Projects/0x_contracts/contracts/tokens/EtherToken.sol","s":{"1":1,"2":7,"3":7,"4":2,"5":1,"6":1},"b":{},"f":{"1":1,"2":7,"3":2},"fnMap":{"1":{"name":null,"line":22,"loc":{"start":{"line":22,"column":4},"end":{"line":25,"column":6}}},"2":{"name":"deposit","line":30,"loc":{"start":{"line":30,"column":4},"end":{"line":33,"column":6}}},"3":{"name":"withdraw","line":40,"loc":{"start":{"line":40,"column":4},"end":{"line":42,"column":6}}}},"statementMap":{"1":{"start":{"line":26,"column":8},"end":{"line":26,"column":16}},"2":{"start":{"line":34,"column":8},"end":{"line":34,"column":70}},"3":{"start":{"line":35,"column":8},"end":{"line":35,"column":52}},"4":{"start":{"line":43,"column":8},"end":{"line":43,"column":67}},"5":{"start":{"line":44,"column":8},"end":{"line":44,"column":49}},"6":{"start":{"line":45,"column":8},"end":{"line":45,"column":38}}},"branchMap":{}},"/Users/primary/Projects/0x_contracts/contracts/tokens/Mintable.sol":{"l":{"12":0,"13":0,"14":0},"path":"/Users/primary/Projects/0x_contracts/contracts/tokens/Mintable.sol","s":{"1":0,"2":0,"3":0},"b":{},"f":{"1":0},"fnMap":{"1":{"name":"mint","line":11,"loc":{"start":{"line":11,"column":4},"end":{"line":11,"column":29}}}},"statementMap":{"1":{"start":{"line":12,"column":8},"end":{"line":12,"column":47}},"2":{"start":{"line":13,"column":8},"end":{"line":13,"column":67}},"3":{"start":{"line":14,"column":8},"end":{"line":14,"column":49}}},"branchMap":{}},"/Users/primary/Projects/0x_contracts/contracts/tokens/ZRXToken.sol":{"l":{"12":0},"path":"/Users/primary/Projects/0x_contracts/contracts/tokens/ZRXToken.sol","s":{"1":0,"2":0},"b":{},"f":{"1":0},"fnMap":{"1":{"name":"ProtocolToken","line":10,"loc":{"start":{"line":10,"column":4},"end":{"line":10,"column":27}}}},"statementMap":{"1":{"start":{"line":11,"column":8},"end":{"line":11,"column":27}},"2":{"start":{"line":12,"column":8},"end":{"line":12,"column":41}}},"branchMap":{}}}