TN:
SF:/Users/primary/Projects/0x_contracts/contracts/base/MultiSigWallet.sol
FN:33,onlyWallet
FN:39,ownerDoesNotExist
FN:45,ownerExists
FN:51,transactionExists
FN:57,confirmed
FN:63,notConfirmed
FN:69,notExecuted
FN:75,notNull
FN:81,validRequirement
FN:91,
FN:104,MultiSigWallet
FN:119,addOwner
FN:133,removeOwner
FN:153,replaceOwner
FN:172,changeRequirement
FN:186,submitTransaction
FN:196,confirmTransaction
FN:209,revokeConfirmation
FN:221,executeTransaction
FN:240,isConfirmed
FN:262,addTransaction
FN:284,getConfirmationCount
FN:298,getTransactionCount
FN:311,getOwners
FN:323,getConfirmations
FN:347,getTransactionIds
FNF:26
FNH:11
FNDA:2,onlyWallet
FNDA:0,ownerDoesNotExist
FNDA:13,ownerExists
FNDA:13,transactionExists
FNDA:0,confirmed
FNDA:13,notConfirmed
FNDA:9,notExecuted
FNDA:7,notNull
FNDA:8,validRequirement
FNDA:0,
FNDA:8,MultiSigWallet
FNDA:0,addOwner
FNDA:0,removeOwner
FNDA:0,replaceOwner
FNDA:0,changeRequirement
FNDA:7,submitTransaction
FNDA:0,confirmTransaction
FNDA:0,revokeConfirmation
FNDA:0,executeTransaction
FNDA:17,isConfirmed
FNDA:7,addTransaction
FNDA:0,getConfirmationCount
FNDA:0,getTransactionCount
FNDA:0,getOwners
FNDA:0,getConfirmations
FNDA:0,getTransactionIds
DA:34,2
DA:35,1
DA:36,1
DA:40,0
DA:41,0
DA:42,0
DA:46,13
DA:47,0
DA:48,13
DA:52,13
DA:53,0
DA:54,13
DA:58,0
DA:59,0
DA:60,0
DA:64,13
DA:65,0
DA:66,13
DA:70,9
DA:71,1
DA:72,8
DA:76,7
DA:77,0
DA:78,7
DA:82,8
DA:86,0
DA:87,8
DA:94,0
DA:95,0
DA:108,8
DA:109,16
DA:110,0
DA:111,16
DA:113,8
DA:114,8
DA:126,0
DA:127,0
DA:128,0
DA:138,0
DA:139,0
DA:140,0
DA:141,0
DA:142,0
DA:144,0
DA:145,0
DA:146,0
DA:147,0
DA:159,0
DA:160,0
DA:161,0
DA:162,0
DA:164,0
DA:165,0
DA:166,0
DA:167,0
DA:177,0
DA:178,0
DA:190,7
DA:191,7
DA:202,0
DA:203,0
DA:204,0
DA:215,0
DA:216,0
DA:225,0
DA:226,0
DA:227,0
DA:228,0
DA:229,0
DA:231,0
DA:232,0
DA:245,17
DA:246,17
DA:247,34
DA:248,27
DA:249,34
DA:250,10
DA:267,7
DA:268,7
DA:274,7
DA:275,7
DA:289,0
DA:290,0
DA:291,0
DA:303,0
DA:304,0
DA:306,0
DA:317,0
DA:328,0
DA:329,0
DA:330,0
DA:331,0
DA:332,0
DA:333,0
DA:334,0
DA:336,0
DA:337,0
DA:338,0
DA:352,0
DA:353,0
DA:354,0
DA:355,0
DA:356,0
DA:359,0
DA:360,0
DA:362,0
DA:363,0
DA:364,0
LF:108
LH:33
BRDA:34,1,0,1
BRDA:34,1,1,1
BRDA:40,2,0,0
BRDA:40,2,1,0
BRDA:46,3,0,0
BRDA:46,3,1,13
BRDA:52,4,0,0
BRDA:52,4,1,13
BRDA:58,5,0,0
BRDA:58,5,1,0
BRDA:64,6,0,0
BRDA:64,6,1,13
BRDA:70,7,0,1
BRDA:70,7,1,8
BRDA:76,8,0,0
BRDA:76,8,1,7
BRDA:82,9,0,0
BRDA:82,9,1,8
BRDA:94,10,0,0
BRDA:94,10,1,0
BRDA:109,11,0,0
BRDA:109,11,1,16
BRDA:140,12,0,0
BRDA:140,12,1,0
BRDA:145,13,0,0
BRDA:145,13,1,0
BRDA:160,14,0,0
BRDA:160,14,1,0
BRDA:225,15,0,0
BRDA:225,15,1,0
BRDA:228,16,0,0
BRDA:228,16,1,0
BRDA:247,17,0,27
BRDA:247,17,1,7
BRDA:249,18,0,10
BRDA:249,18,1,24
BRDA:290,19,0,0
BRDA:290,19,1,0
BRDA:304,20,0,0
BRDA:304,20,1,0
BRDA:332,21,0,0
BRDA:332,21,1,0
BRDA:356,22,0,0
BRDA:356,22,1,0
BRF:44
BRH:14
end_of_record
TN:
SF:/Users/primary/Projects/0x_contracts/contracts/base/Ownable.sol
FN:13,Ownable
FN:17,onlyOwner
FN:22,transferOwnership
FNF:3
FNH:3
FNDA:18,Ownable
FNDA:74,onlyOwner
FNDA:9,transferOwnership
DA:14,18
DA:18,74
DA:19,62
DA:23,9
DA:24,9
LF:5
LH:5
BRDA:23,1,0,9
BRDA:23,1,1,0
BRF:2
BRH:1
end_of_record
TN:
SF:/Users/primary/Projects/0x_contracts/contracts/base/SafeMath.sol
FN:4,safeMul
FN:10,safeDiv
FN:15,safeSub
FN:20,safeAdd
FN:26,max64
FN:30,min64
FN:34,max256
FN:38,min256
FNF:8
FNH:5
FNDA:7,safeMul
FNDA:7,safeDiv
FNDA:35,safeSub
FNDA:24,safeAdd
FNDA:0,max64
FNDA:0,min64
FNDA:0,max256
FNDA:8,min256
DA:5,7
DA:6,7
DA:7,7
DA:11,7
DA:12,7
DA:16,35
DA:17,34
DA:21,24
DA:22,24
DA:23,24
DA:27,0
DA:31,0
DA:35,0
DA:39,8
LF:14
LH:11
BRF:0
BRH:0
end_of_record
TN:
SF:/Users/primary/Projects/0x_contracts/contracts/base/StandardToken.sol
FN:7,transfer
FN:17,transferFrom
FN:27,balanceOf
FN:31,approve
FN:37,allowance
FNF:5
FNH:3
FNDA:0,transfer
FNDA:0,transferFrom
FNDA:350,balanceOf
FNDA:21,approve
FNDA:2,allowance
DA:9,0
DA:10,0
DA:11,0
DA:12,0
DA:13,0
DA:18,0
DA:19,0
DA:20,0
DA:21,0
DA:22,0
DA:23,0
DA:28,350
DA:32,21
DA:33,21
DA:34,21
DA:38,2
LF:16
LH:5
BRDA:9,1,0,0
BRDA:9,1,1,0
BRDA:18,2,0,0
BRDA:18,2,1,0
BRF:4
BRH:0
end_of_record
TN:
SF:/Users/primary/Projects/0x_contracts/contracts/base/StandardTokenWithOverflowProtection.sol
FN:25,transfer
FN:40,transferFrom
FN:55,approve
FN:71,allowance
FN:82,balanceOf
FNF:5
FNH:1
FNDA:0,transfer
FNDA:0,transferFrom
FNDA:0,approve
FNDA:0,allowance
FNDA:5,balanceOf
DA:29,0
DA:30,0
DA:31,0
DA:32,0
DA:44,0
DA:45,0
DA:46,0
DA:47,0
DA:48,0
DA:59,0
DA:60,0
DA:61,0
DA:76,0
DA:87,5
LF:14
LH:1
BRF:0
BRH:0
end_of_record
TN:
SF:/Users/primary/Projects/0x_contracts/contracts/base/Token.sol
FN:6,totalSupply
FN:10,balanceOf
FN:16,transfer
FN:23,transferFrom
FN:29,approve
FN:34,allowance
FNF:6
FNH:0
FNDA:0,totalSupply
FNDA:0,balanceOf
FNDA:0,transfer
FNDA:0,transferFrom
FNDA:0,approve
FNDA:0,allowance
LF:0
LH:0
BRF:0
BRH:0
end_of_record
TN:
SF:/Users/primary/Projects/0x_contracts/contracts/Exchange.sol
FN:83,Exchange
FN:101,fillOrder
FN:214,cancelOrder
FN:275,fillOrKillOrder
FN:305,batchFillOrders
FN:337,batchFillOrKillOrders
FN:368,fillOrdersUpTo
FN:400,batchCancelOrders
FN:424,getOrderHash
FN:451,isValidSignature
FN:473,isRoundingError
FN:485,getPartialAmount
FN:495,getUnavailableTakerTokenAmount
FN:513,transferViaProxy
FN:528,isTransferable
FN:569,getBalance
FN:581,getAllowance
FNF:17
FNH:11
FNDA:1,Exchange
FNDA:34,fillOrder
FNDA:10,cancelOrder
FNDA:2,fillOrKillOrder
FNDA:2,batchFillOrders
FNDA:0,batchFillOrKillOrders
FNDA:3,fillOrdersUpTo
FNDA:1,batchCancelOrders
FNDA:45,getOrderHash
FNDA:35,isValidSignature
FNDA:0,isRoundingError
FNDA:7,getPartialAmount
FNDA:8,getUnavailableTakerTokenAmount
FNDA:0,transferViaProxy
FNDA:0,isTransferable
FNDA:0,getBalance
FNDA:0,getAllowance
DA:84,1
DA:85,1
DA:111,34
DA:125,34
DA:126,33
DA:134,0
DA:135,0
DA:136,0
DA:139,0
DA:140,0
DA:141,0
DA:142,0
DA:143,0
DA:146,0
DA:147,0
DA:148,0
DA:151,0
DA:152,0
DA:153,0
DA:156,0
DA:157,0
DA:158,0
DA:159,0
DA:160,0
DA:166,0
DA:172,0
DA:173,0
DA:174,0
DA:175,0
DA:182,0
DA:183,0
DA:184,0
DA:193,0
DA:206,0
DA:220,10
DA:234,10
DA:236,9
DA:237,1
DA:238,1
DA:241,8
DA:242,8
DA:243,8
DA:244,1
DA:245,1
DA:248,7
DA:250,7
DA:260,7
DA:284,2
DA:293,0
DA:315,2
DA:316,2
DA:326,0
DA:346,0
DA:347,0
DA:356,0
DA:378,3
DA:379,3
DA:381,3
DA:390,0
DA:392,0
DA:406,1
DA:407,3
DA:413,1
DA:428,45
DA:460,35
DA:477,0
DA:489,7
DA:499,8
DA:521,0
DA:533,0
DA:534,0
DA:536,0
DA:537,0
DA:538,0
DA:539,0
DA:540,0
DA:541,0
DA:542,0
DA:544,0
DA:550,0
DA:553,0
DA:562,0
DA:574,0
DA:586,0
LF:84
LH:31
BRDA:134,1,0,0
BRDA:134,1,1,0
BRDA:141,2,0,0
BRDA:141,2,1,0
BRDA:146,3,0,0
BRDA:146,3,1,0
BRDA:151,4,0,0
BRDA:151,4,1,0
BRDA:172,5,0,0
BRDA:172,5,1,0
BRDA:173,6,0,0
BRDA:173,6,1,0
BRDA:182,7,0,0
BRDA:182,7,1,0
BRDA:236,8,0,1
BRDA:236,8,1,8
BRDA:243,9,0,1
BRDA:243,9,1,7
BRDA:390,10,0,0
BRDA:390,10,1,0
BRDA:536,11,0,0
BRDA:536,11,1,0
BRDA:541,12,0,0
BRDA:541,12,1,0
BRDA:542,13,0,0
BRDA:542,13,1,0
BRDA:544,14,0,0
BRDA:544,14,1,0
BRDA:550,15,0,0
BRDA:550,15,1,0
BRDA:553,16,0,0
BRDA:553,16,1,0
BRDA:556,17,0,0
BRDA:556,17,1,0
BRF:34
BRH:4
end_of_record
TN:
SF:/Users/primary/Projects/0x_contracts/contracts/MultiSigWalletWithTimeLock.sol
FN:34,confirmationTimeNotSet
FN:39,confirmationTimeSet
FN:44,pastTimeLock
FN:57,MultiSigWalletWithTimeLock
FN:66,changeTimeLock
FN:76,confirmTransaction
FN:92,revokeConfirmation
FN:105,executeTransaction
FN:126,setConfirmationTime
FNF:9
FNH:8
FNDA:13,confirmationTimeNotSet
FNDA:8,confirmationTimeSet
FNDA:2,pastTimeLock
FNDA:8,MultiSigWalletWithTimeLock
FNDA:1,changeTimeLock
FNDA:13,confirmTransaction
FNDA:0,revokeConfirmation
FNDA:1,executeTransaction
FNDA:6,setConfirmationTime
DA:35,13
DA:36,13
DA:40,8
DA:41,6
DA:45,2
DA:46,1
DA:61,8
DA:70,1
DA:71,1
DA:83,13
DA:84,13
DA:85,13
DA:86,6
DA:99,0
DA:100,0
DA:111,1
DA:112,1
DA:113,1
DA:114,1
DA:116,0
DA:117,0
DA:129,6
DA:130,6
LF:23
LH:19
BRDA:85,1,0,6
BRDA:85,1,1,7
BRDA:113,2,0,1
BRDA:113,2,1,0
BRF:4
BRH:3
end_of_record
TN:
SF:/Users/primary/Projects/0x_contracts/contracts/MultiSigWalletWithTimeLockExceptRemoveAuthorizedAddress.sol
FN:9,validRemoveAuthorizedAddressTx
FN:21,MultiSigWalletWithTimeLockExceptRemoveAuthorizedAddress
FN:34,executeRemoveAuthorizedAddress
FN:53,isFunctionRemoveAuthorizedAddress
FNF:4
FNH:4
FNDA:4,validRemoveAuthorizedAddressTx
FNDA:7,MultiSigWalletWithTimeLockExceptRemoveAuthorizedAddress
FNDA:2,executeRemoveAuthorizedAddress
FNDA:5,isFunctionRemoveAuthorizedAddress
DA:10,4
DA:11,4
DA:12,3
DA:13,2
DA:29,7
DA:40,2
DA:41,2
DA:42,2
DA:43,2
DA:45,0
DA:46,0
DA:58,5
DA:59,5
DA:60,14
DA:62,3
LF:15
LH:13
BRDA:42,1,0,2
BRDA:42,1,1,0
BRF:2
BRH:1
end_of_record
TN:
SF:/Users/primary/Projects/0x_contracts/contracts/Proxy.sol
FN:28,onlyAuthorized
FN:33,targetAuthorized
FN:38,targetNotAuthorized
FN:56,addAuthorizedAddress
FN:70,removeAuthorizedAddress
FN:93,transferFrom
FN:110,getAuthorizedAddresses
FNF:7
FNH:6
FNDA:1,onlyAuthorized
FNDA:2,targetAuthorized
FNDA:8,targetNotAuthorized
FNDA:8,addAuthorizedAddress
FNDA:2,removeAuthorizedAddress
FNDA:0,transferFrom
FNDA:1,getAuthorizedAddresses
DA:29,1
DA:30,0
DA:34,2
DA:35,2
DA:39,8
DA:40,8
DA:61,8
DA:62,8
DA:63,8
DA:64,8
DA:75,2
DA:76,2
DA:77,2
DA:78,2
DA:79,2
DA:80,2
DA:83,2
DA:84,2
DA:101,0
DA:115,1
LF:20
LH:18
BRDA:77,1,0,2
BRDA:77,1,1,0
BRF:2
BRH:1
end_of_record
TN:
SF:/Users/primary/Projects/0x_contracts/contracts/TokenDistributionWithRegistry.sol
FN:65,distributionInitialized
FN:70,distributionNotInitialized
FN:75,distributionNotFinished
FN:80,callerIsRegistered
FN:85,TokenDistributionWithRegistry
FN:104,
FN:116,init
FN:177,fillOrderWithEth
FN:214,setTokenAllowance
FN:224,setCapPerAddress
FN:233,changeRegistrationStatus
FN:242,changeRegistrationStatuses
FN:254,getOrderHash
FN:281,isValidSignature
FNF:14
FNH:8
FNDA:0,distributionInitialized
FNDA:8,distributionNotInitialized
FNDA:0,distributionNotFinished
FNDA:0,callerIsRegistered
FNDA:2,TokenDistributionWithRegistry
FNDA:0,
FNDA:7,init
FNDA:0,fillOrderWithEth
FNDA:0,setTokenAllowance
FNDA:1,setCapPerAddress
FNDA:7,changeRegistrationStatus
FNDA:2,changeRegistrationStatuses
FNDA:7,getOrderHash
FNDA:4,isValidSignature
DA:66,0
DA:67,0
DA:71,8
DA:72,8
DA:76,0
DA:77,0
DA:81,0
DA:82,0
DA:92,2
DA:93,2
DA:94,2
DA:95,2
DA:96,2
DA:98,2
DA:99,2
DA:100,2
DA:107,0
DA:125,7
DA:143,7
DA:144,6
DA:145,5
DA:147,4
DA:155,0
DA:156,0
DA:158,0
DA:183,0
DA:184,0
DA:185,0
DA:186,0
DA:188,0
DA:190,0
DA:198,0
DA:199,0
DA:201,0
DA:202,0
DA:204,0
DA:205,0
DA:206,0
DA:218,0
DA:219,0
DA:227,1
DA:236,7
DA:245,2
DA:246,4
DA:258,7
DA:290,4
LF:46
LH:21
BRDA:201,1,0,0
BRDA:201,1,1,0
BRDA:204,2,0,0
BRDA:204,2,1,0
BRF:4
BRH:0
end_of_record
TN:
SF:/Users/primary/Projects/0x_contracts/contracts/TokenRegistry.sol
FN:68,tokenExists
FN:74,tokenDoesNotExist
FN:88,addToken
FN:125,removeToken
FN:155,setTokenName
FN:170,setTokenSymbol
FN:185,setTokenIpfsHash
FN:198,setTokenSwarmHash
FN:211,setTokenUrl
FN:228,getTokenAddressBySymbol
FN:235,getTokenAddressByName
FN:242,getTokenMetaData
FN:269,getTokenByName
FN:288,getTokenBySymbol
FN:306,getTokenAddresses
FNF:15
FNH:10
FNDA:3,tokenExists
FNDA:8,tokenDoesNotExist
FNDA:8,addToken
FNDA:1,removeToken
FNDA:1,setTokenName
FNDA:1,setTokenSymbol
FNDA:0,setTokenIpfsHash
FNDA:0,setTokenSwarmHash
FNDA:0,setTokenUrl
FNDA:13,getTokenAddressBySymbol
FNDA:0,getTokenAddressByName
FNDA:8,getTokenMetaData
FNDA:3,getTokenByName
FNDA:3,getTokenBySymbol
FNDA:0,getTokenAddresses
DA:69,3
DA:70,3
DA:75,8
DA:76,8
DA:100,8
DA:109,8
DA:110,8
DA:111,8
DA:112,8
DA:130,1
DA:131,8
DA:132,1
DA:133,1
DA:134,1
DA:137,1
DA:138,1
DA:147,1
DA:148,1
DA:149,1
DA:160,1
DA:161,1
DA:162,1
DA:163,1
DA:164,1
DA:175,1
DA:176,1
DA:177,1
DA:178,1
DA:179,1
DA:190,0
DA:191,0
DA:192,0
DA:203,0
DA:204,0
DA:205,0
DA:216,0
DA:217,0
DA:218,0
DA:229,13
DA:236,0
DA:254,8
DA:255,8
DA:281,3
DA:282,3
DA:300,3
DA:301,3
DA:308,0
LF:47
LH:36
BRDA:69,1,0,3
BRDA:69,1,1,0
BRDA:75,2,0,8
BRDA:75,2,1,0
BRDA:131,3,0,1
BRDA:131,3,1,7
BRF:6
BRH:4
end_of_record
TN:
SF:/Users/primary/Projects/0x_contracts/contracts/tokens/DummyToken.sol
FN:11,DummyToken
FN:24,setBalance
FNF:2
FNH:2
FNDA:6,DummyToken
FNDA:15,setBalance
DA:17,6
DA:18,6
DA:19,6
DA:20,6
DA:21,6
DA:25,15
DA:26,15
DA:27,8
DA:29,7
DA:31,15
LF:10
LH:10
BRDA:26,1,0,8
BRDA:26,1,1,7
BRF:2
BRH:2
end_of_record
TN:
SF:/Users/primary/Projects/0x_contracts/contracts/tokens/EtherToken.sol
FN:22,
FN:30,deposit
FN:40,withdraw
FNF:3
FNH:3
FNDA:1,
FNDA:1,deposit
FNDA:1,withdraw
DA:26,1
DA:34,1
DA:35,1
DA:43,1
DA:44,0
DA:45,0
LF:6
LH:4
BRF:0
BRH:0
end_of_record
TN:
SF:/Users/primary/Projects/0x_contracts/contracts/tokens/Mintable.sol
FN:11,mint
FNF:1
FNH:0
FNDA:0,mint
DA:12,0
DA:13,0
DA:14,0
LF:3
LH:0
BRF:0
BRH:0
end_of_record
TN:
SF:/Users/primary/Projects/0x_contracts/contracts/tokens/ZRXToken.sol
FN:10,ProtocolToken
FNF:1
FNH:0
FNDA:0,ProtocolToken
DA:12,0
LF:1
LH:0
BRF:0
BRH:0
end_of_record
